app/build/outputs/logs/manifest-merger-release-report.txt
-- Merging decision tree log ---
manifest
ADDED from src/main/AndroidManifest.xml:2:1-72:12
	package
		ADDED from src/main/AndroidManifest.xml:3:5-37
		INJECTED from src/main/AndroidManifest.xml
		INJECTED from src/main/AndroidManifest.xml
	android:versionName
		ADDED from src/main/AndroidManifest.xml:6:5-30
		INJECTED from src/main/AndroidManifest.xml
		INJECTED from src/main/AndroidManifest.xml
	android:versionCode
		ADDED from src/main/AndroidManifest.xml:5:5-29
		INJECTED from src/main/AndroidManifest.xml
		INJECTED from src/main/AndroidManifest.xml
	xmlns:android
		ADDED from src/main/AndroidManifest.xml:2:11-69
	android:installLocation
		ADDED from src/main/AndroidManifest.xml:4:5-35
uses-permission#android.permission.CHANGE_NETWORK_STATE
ADDED from src/main/AndroidManifest.xml:8:5-79
	android:name
		ADDED from src/main/AndroidManifest.xml:8:22-76
uses-permission#android.permission.INTERNET
ADDED from src/main/AndroidManifest.xml:9:5-67
	android:name
		ADDED from src/main/AndroidManifest.xml:9:22-64
uses-permission#android.permission.CHANGE_WIFI_MULTICAST_STATE
ADDED from src/main/AndroidManifest.xml:10:5-86
	android:name
		ADDED from src/main/AndroidManifest.xml:10:22-83
uses-permission#android.permission.WRITE_EXTERNAL_STORAGE
ADDED from src/main/AndroidManifest.xml:11:5-81
	android:name
		ADDED from src/main/AndroidManifest.xml:11:22-78
uses-permission#android.permission.DISABLE_KEYGUARD
ADDED from src/main/AndroidManifest.xml:12:5-75
	android:name
		ADDED from src/main/AndroidManifest.xml:12:22-72
uses-permission#android.permission.WAKE_LOCK
ADDED from src/main/AndroidManifest.xml:13:5-68
	android:name
		ADDED from src/main/AndroidManifest.xml:13:22-65
uses-permission#android.permission.GET_TASKS
ADDED from src/main/AndroidManifest.xml:14:5-68
	android:name
		ADDED from src/main/AndroidManifest.xml:14:22-65
uses-permission#android.permission.ACCESS_NETWORK_STATE
ADDED from src/main/AndroidManifest.xml:15:5-79
	android:name
		ADDED from src/main/AndroidManifest.xml:15:22-76
uses-permission#android.permission.READ_LOGS
ADDED from src/main/AndroidManifest.xml:16:5-68
	android:name
		ADDED from src/main/AndroidManifest.xml:16:22-65
uses-permission#android.permission.ACCESS_COARSE_LOCATION
ADDED from src/main/AndroidManifest.xml:17:5-80
	android:name
		ADDED from src/main/AndroidManifest.xml:17:22-78
uses-permission#android.permission.ACCESS_FINE_LOCATION
ADDED from src/main/AndroidManifest.xml:18:5-78
	android:name
		ADDED from src/main/AndroidManifest.xml:18:22-76
uses-sdk
ADDED from src/main/AndroidManifest.xml:20:5-22:41
MERGED from [com.android.support:appcompat-v7:25.1.0] AndroidManifest.xml:21:5-23:78
MERGED from [com.android.support:animated-vector-drawable:25.1.0] AndroidManifest.xml:20:5-44
MERGED from [com.android.support:support-vector-drawable:25.1.0] AndroidManifest.xml:21:5-43
MERGED from [com.google.android.gms:play-services-location:10.0.1] AndroidManifest.xml:3:5-42
MERGED from [com.google.android.gms:play-services-base:10.0.1] AndroidManifest.xml:17:5-42
MERGED from [com.google.android.gms:play-services-tasks:10.0.1] AndroidManifest.xml:3:5-42
MERGED from [com.google.android.gms:play-services-basement:10.0.1] AndroidManifest.xml:17:5-42
MERGED from [com.android.support:support-v4:25.1.0] AndroidManifest.xml:21:5-23:54
MERGED from [com.android.support:support-fragment:25.1.0] AndroidManifest.xml:21:5-23:60
MERGED from [com.android.support:support-media-compat:25.1.0] AndroidManifest.xml:21:5-23:63
MERGED from [com.android.support:support-core-ui:25.1.0] AndroidManifest.xml:21:5-23:58
MERGED from [com.android.support:support-core-utils:25.1.0] AndroidManifest.xml:21:5-23:61
MERGED from [com.android.support:support-compat:25.1.0] AndroidManifest.xml:21:5-23:58
	tools:overrideLibrary
		ADDED from [com.android.support:appcompat-v7:25.1.0] AndroidManifest.xml:23:9-75
	android:targetSdkVersion
		ADDED from src/main/AndroidManifest.xml:22:9-38
		INJECTED from src/main/AndroidManifest.xml
		INJECTED from src/main/AndroidManifest.xml
	android:minSdkVersion
		ADDED from src/main/AndroidManifest.xml:21:9-35
		INJECTED from src/main/AndroidManifest.xml
		INJECTED from src/main/AndroidManifest.xml
application
ADDED from src/main/AndroidManifest.xml:24:5-70:19
MERGED from [com.android.support:appcompat-v7:25.1.0] AndroidManifest.xml:25:5-20
MERGED from [com.android.support:animated-vector-drawable:25.1.0] AndroidManifest.xml:22:5-20
MERGED from [com.android.support:support-vector-drawable:25.1.0] AndroidManifest.xml:23:5-20
MERGED from [com.google.android.gms:play-services-location:10.0.1] AndroidManifest.xml:4:5-19
MERGED from [com.google.android.gms:play-services-base:10.0.1] AndroidManifest.xml:18:5-20:19
MERGED from [com.google.android.gms:play-services-tasks:10.0.1] AndroidManifest.xml:4:5-19
MERGED from [com.google.android.gms:play-services-basement:10.0.1] AndroidManifest.xml:19:5-21:19
MERGED from [com.android.support:support-v4:25.1.0] AndroidManifest.xml:25:5-20
MERGED from [com.android.support:support-fragment:25.1.0] AndroidManifest.xml:25:5-20
MERGED from [com.android.support:support-media-compat:25.1.0] AndroidManifest.xml:25:5-20
MERGED from [com.android.support:support-core-ui:25.1.0] AndroidManifest.xml:25:5-20
MERGED from [com.android.support:support-core-utils:25.1.0] AndroidManifest.xml:25:5-20
MERGED from [com.android.support:support-compat:25.1.0] AndroidManifest.xml:25:5-20
	android:label
		ADDED from src/main/AndroidManifest.xml:28:9-41
	android:hardwareAccelerated
		ADDED from src/main/AndroidManifest.xml:26:9-43
	android:allowBackup
		ADDED from src/main/AndroidManifest.xml:25:9-35
	android:icon
		ADDED from src/main/AndroidManifest.xml:27:9-37
	android:largeHeap
		ADDED from src/main/AndroidManifest.xml:29:9-33
	android:theme
		ADDED from src/main/AndroidManifest.xml:31:9-40
	android:logo
		ADDED from src/main/AndroidManifest.xml:30:9-37
activity#control.activity.L2DSplashActivity
ADDED from src/main/AndroidManifest.xml:33:9-40:20
	android:screenOrientation
		ADDED from src/main/AndroidManifest.xml:34:13-50
	android:name
		ADDED from src/main/AndroidManifest.xml:33:19-68
intent-filter#android.intent.action.MAIN+android.intent.category.LAUNCHER
ADDED from src/main/AndroidManifest.xml:35:13-39:29
action#android.intent.action.MAIN
ADDED from src/main/AndroidManifest.xml:36:17-69
	android:name
		ADDED from src/main/AndroidManifest.xml:36:25-66
category#android.intent.category.LAUNCHER
ADDED from src/main/AndroidManifest.xml:38:17-77
	android:name
		ADDED from src/main/AndroidManifest.xml:38:27-74
activity#control.activity.PreferencesActivity
ADDED from src/main/AndroidManifest.xml:41:9-48:20
	android:screenOrientation
		ADDED from src/main/AndroidManifest.xml:44:13-50
	android:noHistory
		ADDED from src/main/AndroidManifest.xml:43:13-37
	android:theme
		ADDED from src/main/AndroidManifest.xml:45:13-66
	android:name
		ADDED from src/main/AndroidManifest.xml:42:13-64
activity#control.activity.MainActivity
ADDED from src/main/AndroidManifest.xml:50:9-51:52
	android:screenOrientation
		ADDED from src/main/AndroidManifest.xml:51:13-50
	android:name
		ADDED from src/main/AndroidManifest.xml:50:19-63
activity#com.uudam.license2draw.activity.PreferencesActivity
ADDED from src/main/AndroidManifest.xml:52:9-57:20
	android:noHistory
		ADDED from src/main/AndroidManifest.xml:54:13-37
	android:name
		ADDED from src/main/AndroidManifest.xml:53:13-79
activity#control.activity.ControlActivity
ADDED from src/main/AndroidManifest.xml:59:9-60:52
	android:screenOrientation
		ADDED from src/main/AndroidManifest.xml:60:13-50
	android:name
		ADDED from src/main/AndroidManifest.xml:59:19-66
activity#control.activity.EvolutionActivity
ADDED from src/main/AndroidManifest.xml:62:9-63:52
	android:screenOrientation
		ADDED from src/main/AndroidManifest.xml:63:13-50
	android:name
		ADDED from src/main/AndroidManifest.xml:62:19-68
activity#control.activity.LoginActivity
ADDED from src/main/AndroidManifest.xml:65:9-66:52
	android:screenOrientation
		ADDED from src/main/AndroidManifest.xml:66:13-50
	android:name
		ADDED from src/main/AndroidManifest.xml:65:19-64
activity#control.activity.LaserActivity
ADDED from src/main/AndroidManifest.xml:68:9-69:52
	android:screenOrientation
		ADDED from src/main/AndroidManifest.xml:69:13-50
	android:name
		ADDED from src/main/AndroidManifest.xml:68:19-64
activity#com.google.android.gms.common.api.GoogleApiActivity
ADDED from [com.google.android.gms:play-services-base:10.0.1] AndroidManifest.xml:19:9-172
	android:exported
		ADDED from [com.google.android.gms:play-services-base:10.0.1] AndroidManifest.xml:19:146-170
	android:theme
		ADDED from [com.google.android.gms:play-services-base:10.0.1] AndroidManifest.xml:19:86-145
	android:name
		ADDED from [com.google.android.gms:play-services-base:10.0.1] AndroidManifest.xml:19:19-85
meta-data#com.google.android.gms.version
ADDED from [com.google.android.gms:play-services-basement:10.0.1] AndroidManifest.xml:20:9-121
	android:value
		ADDED from [com.google.android.gms:play-services-basement:10.0.1] AndroidManifest.xml:20:66-119
	android:name
		ADDED from [com.google.android.gms:play-services-basement:10.0.1] AndroidManifest.xml:20:20-65